<?xml version="1.0" encoding="UTF-8"?>
<!-- Generated by org.testng.reporters.JUnitXMLReporter -->
<testsuite hostname="DELL-PC" name="All cases" tests="7" failures="0" timestamp="3 Feb 2021 14:56:48 GMT" time="83.699" errors="0">
  <testcase name="Login_TC101" time="19.638" classname="com.hrms.testscripts.TC_101_VerifyLogin"/>
  <testcase name="login_TC102" time="19.032" classname="com.hrms.testscripts.TC_102_AddEmployee"/>
  <testcase name="addEmp" time="21.268" classname="com.hrms.testscripts.TC_102_AddEmployee"/>
  <testcase name="logout_TC102" time="1.232" classname="com.hrms.testscripts.TC_102_AddEmployee"/>
  <testcase name="login_TC103" time="18.554" classname="com.hrms.testscripts.TC_103_deleteEmployee"/>
  <testcase name="delEmp" time="3.162" classname="com.hrms.testscripts.TC_103_deleteEmployee"/>
  <testcase name="logout_TC103" time="0.795" classname="com.hrms.testscripts.TC_103_deleteEmployee"/>
</testsuite> <!-- All cases -->
